# JRE version: Java(TM) SE Runtime Environment (8.0_181-b13) (build 1.8.0_181-b13)
# Java VM: Java HotSpot(TM) 64-Bit Server VM (25.181-b13 mixed mode linux-amd64 compressed oops)
Heap:
 PSYoungGen      total 318976K, used 15848K [0x00000000d7000000, 0x00000000eb700000, 0x0000000100000000)
  eden space 303104K, 0% used [0x00000000d7000000,0x00000000d7000000,0x00000000e9800000)
  from space 15872K, 99% used [0x00000000e9800000,0x00000000ea77a3a0,0x00000000ea780000)
  to   space 12800K, 0% used [0x00000000eaa80000,0x00000000eaa80000,0x00000000eb700000)
 ParOldGen       total 70144K, used 29151K [0x0000000085000000, 0x0000000089480000, 0x00000000d7000000)
  object space 70144K, 41% used [0x0000000085000000,0x0000000086c77d48,0x0000000089480000)
 Metaspace       used 43230K, capacity 45652K, committed 45952K, reserved 1089536K
  class space    used 5985K, capacity 6440K, committed 6528K, reserved 1048576K
GC Heap History (10 events):
Event: 20.380 GC heap after
Heap after GC invocations=8 (full 1):
 PSYoungGen      total 131584K, used 8996K [0x00000000d7000000, 0x00000000e4c80000, 0x0000000100000000)
  eden space 121344K, 0% used [0x00000000d7000000,0x00000000d7000000,0x00000000de680000)
  from space 10240K, 87% used [0x00000000de680000,0x00000000def491d0,0x00000000df080000)
  to   space 10752K, 0% used [0x00000000e4200000,0x00000000e4200000,0x00000000e4c80000)
 ParOldGen       total 49152K, used 7317K [0x0000000085000000, 0x0000000088000000, 0x00000000d7000000)
  object space 49152K, 14% used [0x0000000085000000,0x00000000857255d8,0x0000000088000000)
 Metaspace       used 26732K, capacity 27822K, committed 28032K, reserved 1073152K
  class space    used 3602K, capacity 3857K, committed 3968K, reserved 1048576K
}
Event: 24.461 GC heap before
{Heap before GC invocations=9 (full 1):
 PSYoungGen      total 131584K, used 130340K [0x00000000d7000000, 0x00000000e4c80000, 0x0000000100000000)
  eden space 121344K, 100% used [0x00000000d7000000,0x00000000de680000,0x00000000de680000)
  from space 10240K, 87% used [0x00000000de680000,0x00000000def491d0,0x00000000df080000)
  to   space 10752K, 0% used [0x00000000e4200000,0x00000000e4200000,0x00000000e4c80000)
 ParOldGen       total 49152K, used 7317K [0x0000000085000000, 0x0000000088000000, 0x00000000d7000000)
  object space 49152K, 14% used [0x0000000085000000,0x00000000857255d8,0x0000000088000000)
 Metaspace       used 30295K, capacity 31468K, committed 31616K, reserved 1077248K
  class space    used 4133K, capacity 4404K, committed 4480K, reserved 1048576K
Event: 25.050 GC heap after
Heap after GC invocations=9 (full 1):
 PSYoungGen      total 212992K, used 10724K [0x00000000d7000000, 0x00000000e6800000, 0x0000000100000000)
  eden space 202240K, 0% used [0x00000000d7000000,0x00000000d7000000,0x00000000e3580000)
  from space 10752K, 99% used [0x00000000e4200000,0x00000000e4c793f8,0x00000000e4c80000)
  to   space 12800K, 0% used [0x00000000e3580000,0x00000000e3580000,0x00000000e4200000)
 ParOldGen       total 49152K, used 8765K [0x0000000085000000, 0x0000000088000000, 0x00000000d7000000)
  object space 49152K, 17% used [0x0000000085000000,0x000000008588f648,0x0000000088000000)
 Metaspace       used 30295K, capacity 31468K, committed 31616K, reserved 1077248K
  class space    used 4133K, capacity 4404K, committed 4480K, reserved 1048576K
}
Event: 27.135 GC heap before
{Heap before GC invocations=10 (full 1):
 PSYoungGen      total 212992K, used 70113K [0x00000000d7000000, 0x00000000e6800000, 0x0000000100000000)
  eden space 202240K, 29% used [0x00000000d7000000,0x00000000da9ff040,0x00000000e3580000)
  from space 10752K, 99% used [0x00000000e4200000,0x00000000e4c793f8,0x00000000e4c80000)
  to   space 12800K, 0% used [0x00000000e3580000,0x00000000e3580000,0x00000000e4200000)
 ParOldGen       total 49152K, used 8765K [0x0000000085000000, 0x0000000088000000, 0x00000000d7000000)
  object space 49152K, 17% used [0x0000000085000000,0x000000008588f648,0x0000000088000000)
 Metaspace       used 33812K, capacity 35322K, committed 35456K, reserved 1079296K
  class space    used 4607K, capacity 4915K, committed 4992K, reserved 1048576K
Event: 27.157 GC heap after
Heap after GC invocations=10 (full 1):
 PSYoungGen      total 215040K, used 12788K [0x00000000d7000000, 0x00000000eba00000, 0x0000000100000000)
  eden space 202240K, 0% used [0x00000000d7000000,0x00000000d7000000,0x00000000e3580000)
  from space 12800K, 99% used [0x00000000e3580000,0x00000000e41fd3e0,0x00000000e4200000)
  to   space 15872K, 0% used [0x00000000eaa80000,0x00000000eaa80000,0x00000000eba00000)
 ParOldGen       total 49152K, used 13188K [0x0000000085000000, 0x0000000088000000, 0x00000000d7000000)
  object space 49152K, 26% used [0x0000000085000000,0x0000000085ce1340,0x0000000088000000)
 Metaspace       used 33812K, capacity 35322K, committed 35456K, reserved 1079296K
  class space    used 4607K, capacity 4915K, committed 4992K, reserved 1048576K
}
Event: 27.157 GC heap before
{Heap before GC invocations=11 (full 2):
 PSYoungGen      total 215040K, used 12788K [0x00000000d7000000, 0x00000000eba00000, 0x0000000100000000)
  eden space 202240K, 0% used [0x00000000d7000000,0x00000000d7000000,0x00000000e3580000)
  from space 12800K, 99% used [0x00000000e3580000,0x00000000e41fd3e0,0x00000000e4200000)
  to   space 15872K, 0% used [0x00000000eaa80000,0x00000000eaa80000,0x00000000eba00000)
 ParOldGen       total 49152K, used 13188K [0x0000000085000000, 0x0000000088000000, 0x00000000d7000000)
  object space 49152K, 26% used [0x0000000085000000,0x0000000085ce1340,0x0000000088000000)
 Metaspace       used 33812K, capacity 35322K, committed 35456K, reserved 1079296K
  class space    used 4607K, capacity 4915K, committed 4992K, reserved 1048576K
Event: 27.251 GC heap after
Heap after GC invocations=11 (full 2):
 PSYoungGen      total 215040K, used 0K [0x00000000d7000000, 0x00000000eba00000, 0x0000000100000000)
  eden space 202240K, 0% used [0x00000000d7000000,0x00000000d7000000,0x00000000e3580000)
  from space 12800K, 0% used [0x00000000e3580000,0x00000000e3580000,0x00000000e4200000)
  to   space 15872K, 0% used [0x00000000eaa80000,0x00000000eaa80000,0x00000000eba00000)
 ParOldGen       total 70144K, used 21741K [0x0000000085000000, 0x0000000089480000, 0x00000000d7000000)
  object space 70144K, 30% used [0x0000000085000000,0x000000008653b558,0x0000000089480000)
 Metaspace       used 33812K, capacity 35322K, committed 35456K, reserved 1079296K
  class space    used 4607K, capacity 4915K, committed 4992K, reserved 1048576K
}
Event: 30.678 GC heap before
{Heap before GC invocations=12 (full 2):
 PSYoungGen      total 215040K, used 202240K [0x00000000d7000000, 0x00000000eba00000, 0x0000000100000000)
  eden space 202240K, 100% used [0x00000000d7000000,0x00000000e3580000,0x00000000e3580000)
  from space 12800K, 0% used [0x00000000e3580000,0x00000000e3580000,0x00000000e4200000)
  to   space 15872K, 0% used [0x00000000eaa80000,0x00000000eaa80000,0x00000000eba00000)
 ParOldGen       total 70144K, used 21741K [0x0000000085000000, 0x0000000089480000, 0x00000000d7000000)
  object space 70144K, 30% used [0x0000000085000000,0x000000008653b558,0x0000000089480000)
 Metaspace       used 36949K, capacity 38810K, committed 39040K, reserved 1083392K
  class space    used 5075K, capacity 5432K, committed 5504K, reserved 1048576K
Event: 30.717 GC heap after
Heap after GC invocations=12 (full 2):
 PSYoungGen      total 315904K, used 9781K [0x00000000d7000000, 0x00000000eb700000, 0x0000000100000000)
  eden space 303104K, 0% used [0x00000000d7000000,0x00000000d7000000,0x00000000e9800000)
  from space 12800K, 76% used [0x00000000eaa80000,0x00000000eb40d6b8,0x00000000eb700000)
  to   space 15872K, 0% used [0x00000000e9800000,0x00000000e9800000,0x00000000ea780000)
 ParOldGen       total 70144K, used 21749K [0x0000000085000000, 0x0000000089480000, 0x00000000d7000000)
  object space 70144K, 31% used [0x0000000085000000,0x000000008653d558,0x0000000089480000)
 Metaspace       used 36949K, capacity 38810K, committed 39040K, reserved 1083392K
  class space    used 5075K, capacity 5432K, committed 5504K, reserved 1048576K
}
Event: 38.832 GC heap before
{Heap before GC invocations=13 (full 2):
 PSYoungGen      total 315904K, used 312885K [0x00000000d7000000, 0x00000000eb700000, 0x0000000100000000)
  eden space 303104K, 100% used [0x00000000d7000000,0x00000000e9800000,0x00000000e9800000)
  from space 12800K, 76% used [0x00000000eaa80000,0x00000000eb40d6b8,0x00000000eb700000)
  to   space 15872K, 0% used [0x00000000e9800000,0x00000000e9800000,0x00000000ea780000)
 ParOldGen       total 70144K, used 21749K [0x0000000085000000, 0x0000000089480000, 0x00000000d7000000)
  object space 70144K, 31% used [0x0000000085000000,0x000000008653d558,0x0000000089480000)
 Metaspace       used 43230K, capacity 45652K, committed 45952K, reserved 1089536K
  class space    used 5985K, capacity 6440K, committed 6528K, reserved 1048576K

